Using pre-set license
Built from '2020.3/staging' branch; Version is '2020.3.0f1 (c7b5465681fb) revision 13088070'; Using compiler version '192528614'; Build Type 'Release'
OS: 'Windows 10 Home; OS build 19042.1237; Version 2009; 64bit' Language: 'tr' Physical Memory: 8057 MB
BatchMode: 1, IsHumanControllingUs: 0, StartBugReporterOnCrash: 0, Is64bit: 1, IsPro: 0

 COMMAND LINE ARGUMENTS:
D:\unity\unity\2020.3.0f1\Editor\Unity.exe
-adb2
-batchMode
-noUpm
-name
AssetImportWorker1
-projectPath
D:/MVSGames/MVSGames
-logFile
Logs/AssetImportWorker1.log
-srvPort
52210
Successfully changed project path to: D:/MVSGames/MVSGames
D:/MVSGames/MVSGames
Using Asset Import Pipeline V2.
Refreshing native plugins compatible for Editor in 52.76 ms, found 1 plugins.
Preloading 0 native plugins for Editor in 0.00 ms.
Initialize engine version: 2020.3.0f1 (c7b5465681fb)
[Subsystems] Discovering subsystems at path D:/unity/unity/2020.3.0f1/Editor/Data/Resources/UnitySubsystems
[Subsystems] Discovering subsystems at path D:/MVSGames/MVSGames/Assets
GfxDevice: creating device client; threaded=0
Direct3D:
    Version:  Direct3D 11.0 [level 11.1]
    Renderer: NVIDIA GeForce GTX 1050 Ti (ID=0x1c8c)
    Vendor:   
    VRAM:     4021 MB
    Driver:   27.21.14.6231
Initialize mono
Mono path[0] = 'D:/unity/unity/2020.3.0f1/Editor/Data/Managed'
Mono path[1] = 'D:/unity/unity/2020.3.0f1/Editor/Data/MonoBleedingEdge/lib/mono/unityjit'
Mono config path = 'D:/unity/unity/2020.3.0f1/Editor/Data/MonoBleedingEdge/etc'
Using monoOptions --debugger-agent=transport=dt_socket,embedding=1,server=y,suspend=n,address=127.0.0.1:56360
Begin MonoManager ReloadAssembly
Registering precompiled unity dll's ...
Register platform support module: D:/unity/unity/2020.3.0f1/Editor/Data/PlaybackEngines/WebGLSupport/UnityEditor.WebGL.Extensions.dll
Register platform support module: D:/unity/unity/2020.3.0f1/Editor/Data/PlaybackEngines/WindowsStandaloneSupport/UnityEditor.WindowsStandalone.Extensions.dll
Registered in 0.004786 seconds.
Native extension for WindowsStandalone target not found
Native extension for WebGL target not found
Refreshing native plugins compatible for Editor in 37.59 ms, found 1 plugins.
Preloading 0 native plugins for Editor in 0.00 ms.
Invoked RoslynAnalysisRunner static constructor.
RoslynAnalysisRunner will not be running.
RoslynAnalysisRunner has terminated.
Mono: successfully reloaded assembly
- Completed reload, in  1.693 seconds
Platform modules already initialized, skipping
Registering precompiled user dll's ...
Registered in 0.001108 seconds.
Begin MonoManager ReloadAssembly
Native extension for WindowsStandalone target not found
Native extension for WebGL target not found
Refreshing native plugins compatible for Editor in 35.64 ms, found 1 plugins.
Preloading 0 native plugins for Editor in 0.00 ms.
Invoked RoslynAnalysisRunner static constructor.
RoslynAnalysisRunner will not be running.
RoslynAnalysisRunner has terminated.
Mono: successfully reloaded assembly
- Completed reload, in  1.034 seconds
Platform modules already initialized, skipping
========================================================================
Worker process is ready to serve import requests
Launched and connected shader compiler UnityShaderCompiler.exe after 0.10 seconds
Refreshing native plugins compatible for Editor in 0.44 ms, found 1 plugins.
Preloading 0 native plugins for Editor in 0.00 ms.
Unloading 1827 Unused Serialized files (Serialized files now loaded: 0)
System memory in use before: 86.7 MB.
System memory in use after: 86.6 MB.

Unloading 24 unused Assets to reduce memory usage. Loaded Objects now: 2271.
Total: 3.048500 ms (FindLiveObjects: 0.392600 ms CreateObjectMapping: 0.095000 ms MarkObjects: 2.367900 ms  DeleteObjects: 0.191300 ms)

========================================================================
Received Import Request.
  path: Assets/Scenes
  artifactKey: Guid(02cf3eb7a6c15e842a63825a7692c713) Importer(815301076,1909f56bfc062723c751e8b465ee728b)
Start importing Assets/Scenes using Guid(02cf3eb7a6c15e842a63825a7692c713) Importer(815301076,1909f56bfc062723c751e8b465ee728b)  -> (artifact id: '8ba4ca9de8eeed17b72100b91290cf8f') in 0.056639 seconds
  Import took 0.118087 seconds .

========================================================================
Received Import Request.
  Time since last request: 11.995265 seconds.
  path: Assets/scripts/BotScript.cs
  artifactKey: Guid(4e3c50b094e829e4a90a00d19096c9f7) Importer(815301076,1909f56bfc062723c751e8b465ee728b)
Start importing Assets/scripts/BotScript.cs using Guid(4e3c50b094e829e4a90a00d19096c9f7) Importer(815301076,1909f56bfc062723c751e8b465ee728b)  -> (artifact id: '7868b5e6e7fa82d97bb97587e5c7da14') in 0.099993 seconds
  Import took 0.255143 seconds .

========================================================================
Received Import Request.
  Time since last request: 0.059705 seconds.
  path: Assets/scripts/BotScript.cs
  artifactKey: Guid(4e3c50b094e829e4a90a00d19096c9f7) Importer(815301076,1909f56bfc062723c751e8b465ee728b)
Start importing Assets/scripts/BotScript.cs using Guid(4e3c50b094e829e4a90a00d19096c9f7) Importer(815301076,1909f56bfc062723c751e8b465ee728b)  -> (artifact id: '7868b5e6e7fa82d97bb97587e5c7da14') in 0.002570 seconds
  Import took 0.073204 seconds .

========================================================================
Received Import Request.
  Time since last request: 13.709933 seconds.
  path: Assets/scripts/Collectible.cs
  artifactKey: Guid(7b9e052442712294a88b4b9b85610489) Importer(815301076,1909f56bfc062723c751e8b465ee728b)
Start importing Assets/scripts/Collectible.cs using Guid(7b9e052442712294a88b4b9b85610489) Importer(815301076,1909f56bfc062723c751e8b465ee728b)  -> (artifact id: '4bda2ea69acd2424b02aaac25a206f06') in 0.003213 seconds
  Import took 0.023048 seconds .

========================================================================
Received Import Request.
  Time since last request: 0.000676 seconds.
  path: Assets/scripts/Collectible.cs
  artifactKey: Guid(7b9e052442712294a88b4b9b85610489) Importer(815301076,1909f56bfc062723c751e8b465ee728b)
Start importing Assets/scripts/Collectible.cs using Guid(7b9e052442712294a88b4b9b85610489) Importer(815301076,1909f56bfc062723c751e8b465ee728b)  -> (artifact id: '4bda2ea69acd2424b02aaac25a206f06') in 0.002962 seconds
  Import took 0.006701 seconds .

========================================================================
Received Import Request.
  Time since last request: 42.368060 seconds.
  path: Assets/scripts/SpawnController.cs
  artifactKey: Guid(e9944bf8b7e7a964eb9d65d8424f429d) Importer(815301076,1909f56bfc062723c751e8b465ee728b)
Start importing Assets/scripts/SpawnController.cs using Guid(e9944bf8b7e7a964eb9d65d8424f429d) Importer(815301076,1909f56bfc062723c751e8b465ee728b)  -> (artifact id: '0ea8aecc32cae6d36c144af4f5248a2d') in 0.003333 seconds
  Import took 0.146390 seconds .

========================================================================
Received Import Request.
  Time since last request: 11.459798 seconds.
  path: Assets/scripts/TimeController.cs
  artifactKey: Guid(abd71bd8124529e45a837ae8a188d362) Importer(815301076,1909f56bfc062723c751e8b465ee728b)
Start importing Assets/scripts/TimeController.cs using Guid(abd71bd8124529e45a837ae8a188d362) Importer(815301076,1909f56bfc062723c751e8b465ee728b)  -> (artifact id: '18c5af8aa75abbfc299574819657773c') in 0.003179 seconds
  Import took 0.045040 seconds .

========================================================================
Received Import Request.
  Time since last request: 28.830869 seconds.
  path: Assets/Scenes/Menu.unity
  artifactKey: Guid(2048ba198ff864f488f03275fc7279d5) Importer(815301076,1909f56bfc062723c751e8b465ee728b)
Start importing Assets/Scenes/Menu.unity using Guid(2048ba198ff864f488f03275fc7279d5) Importer(815301076,1909f56bfc062723c751e8b465ee728b)  -> (artifact id: 'e016a5c1b61c1b84043645d940753138') in 0.021153 seconds
  Import took 0.047929 seconds .

========================================================================
Received Import Request.
  Time since last request: 1.763288 seconds.
  path: Assets/Scenes/SampleScene.unity
  artifactKey: Guid(2cda990e2423bbf4892e6590ba056729) Importer(815301076,1909f56bfc062723c751e8b465ee728b)
Start importing Assets/Scenes/SampleScene.unity using Guid(2cda990e2423bbf4892e6590ba056729) Importer(815301076,1909f56bfc062723c751e8b465ee728b)  -> (artifact id: 'ea9bbe6ca8fde4ddb71dc0964a4a2e71') in 0.003548 seconds
  Import took 0.153615 seconds .

========================================================================
Received Import Request.
  Time since last request: 154.108729 seconds.
  path: Assets/5904f729875233.5608b9a200122.png
  artifactKey: Guid(784e914a0c31c5040a375b7bc693740d) Importer(815301076,1909f56bfc062723c751e8b465ee728b)
Start importing Assets/5904f729875233.5608b9a200122.png using Guid(784e914a0c31c5040a375b7bc693740d) Importer(815301076,1909f56bfc062723c751e8b465ee728b)  -> (artifact id: '67563af4c20de4a992557052ae9ac639') in 0.197917 seconds
  Import took 0.232447 seconds .

========================================================================
Received Import Request.
  Time since last request: 0.628107 seconds.
  path: Assets/TextMesh Pro
  artifactKey: Guid(f54d1bd14bd3ca042bd867b519fee8cc) Importer(815301076,1909f56bfc062723c751e8b465ee728b)
Start importing Assets/TextMesh Pro using Guid(f54d1bd14bd3ca042bd867b519fee8cc) Importer(815301076,1909f56bfc062723c751e8b465ee728b)  -> (artifact id: 'b0422b807d91bca404ec1c13ada9650f') in 0.003941 seconds
  Import took 0.045004 seconds .

========================================================================
Received Import Request.
  Time since last request: 20.223301 seconds.
  path: Assets/Scenes/Menu.unity
  artifactKey: Guid(2048ba198ff864f488f03275fc7279d5) Importer(815301076,1909f56bfc062723c751e8b465ee728b)
Start importing Assets/Scenes/Menu.unity using Guid(2048ba198ff864f488f03275fc7279d5) Importer(815301076,1909f56bfc062723c751e8b465ee728b)  -> (artifact id: '1f7979795f52048dbedb8c174dbc57e8') in 0.004500 seconds
  Import took 0.153433 seconds .

========================================================================
Received Import Request.
  Time since last request: 101.867037 seconds.
  path: Assets/vinayak-chetti-main-file.jpg
  artifactKey: Guid(411774f1788c46841a5f71caff5eb1ce) Importer(815301076,1909f56bfc062723c751e8b465ee728b)
Start importing Assets/vinayak-chetti-main-file.jpg using Guid(411774f1788c46841a5f71caff5eb1ce) Importer(815301076,1909f56bfc062723c751e8b465ee728b)  -> (artifact id: '98b69cfa18e81b77db1725bef9c4da34') in 0.019558 seconds
  Import took 0.045619 seconds .

========================================================================
Received Import Request.
  Time since last request: 288.732494 seconds.
  path: Assets/Cabold Comic Outline demo.otf
  artifactKey: Guid(7511388454c73234b97eb6c8fc492413) Importer(815301076,1909f56bfc062723c751e8b465ee728b)
Start importing Assets/Cabold Comic Outline demo.otf using Guid(7511388454c73234b97eb6c8fc492413) Importer(815301076,1909f56bfc062723c751e8b465ee728b)  -> (artifact id: '77e270851603bbdf7df6f4701c843092') in 0.180842 seconds
  Import took 0.221296 seconds .

========================================================================
Received Import Request.
  Time since last request: 13.034978 seconds.
  path: Assets/Cabold Comic demo.otf
  artifactKey: Guid(8bf40f234c68a894785b29284b9af755) Importer(815301076,1909f56bfc062723c751e8b465ee728b)
Start importing Assets/Cabold Comic demo.otf using Guid(8bf40f234c68a894785b29284b9af755) Importer(815301076,1909f56bfc062723c751e8b465ee728b)  -> (artifact id: '2d08dcc68453375bd29401bc372d1405') in 0.011924 seconds
  Import took 0.035491 seconds .

========================================================================
Received Import Request.
  Time since last request: 159.376474 seconds.
  path: Assets/TextMesh Pro/Resources/Fonts & Materials/LiberationSans SDF - Drop Shadow.mat
  artifactKey: Guid(e73a58f6e2794ae7b1b7e50b7fb811b0) Importer(815301076,1909f56bfc062723c751e8b465ee728b)
Start importing Assets/TextMesh Pro/Resources/Fonts & Materials/LiberationSans SDF - Drop Shadow.mat using Guid(e73a58f6e2794ae7b1b7e50b7fb811b0) Importer(815301076,1909f56bfc062723c751e8b465ee728b)  -> (artifact id: 'c194066b5ddf713208b3818b9611a53a') in 0.322780 seconds
  Import took 0.362999 seconds .

========================================================================
Received Import Request.
  Time since last request: 0.000608 seconds.
  path: Assets/TextMesh Pro/Resources/Fonts & Materials/LiberationSans SDF - Outline.mat
  artifactKey: Guid(79459efec17a4d00a321bdcc27bbc385) Importer(815301076,1909f56bfc062723c751e8b465ee728b)
Start importing Assets/TextMesh Pro/Resources/Fonts & Materials/LiberationSans SDF - Outline.mat using Guid(79459efec17a4d00a321bdcc27bbc385) Importer(815301076,1909f56bfc062723c751e8b465ee728b)  -> (artifact id: 'a9effe56a08cd2156f7af31e426d9ac1') in 0.091550 seconds
  Import took 0.096238 seconds .

========================================================================
Received Import Request.
  Time since last request: 0.000275 seconds.
  path: Assets/TextMesh Pro/Resources/Fonts & Materials/LiberationSans SDF - Fallback.asset
  artifactKey: Guid(2e498d1c8094910479dc3e1b768306a4) Importer(815301076,1909f56bfc062723c751e8b465ee728b)
Start importing Assets/TextMesh Pro/Resources/Fonts & Materials/LiberationSans SDF - Fallback.asset using Guid(2e498d1c8094910479dc3e1b768306a4) Importer(815301076,1909f56bfc062723c751e8b465ee728b)  -> (artifact id: 'ce7b026d7eb27ba79ec0f96f4fe45e1f') in 0.033816 seconds
  Import took 0.065079 seconds .

========================================================================
Received Import Request.
  Time since last request: 0.000347 seconds.
  path: Assets/TextMesh Pro/Resources/Fonts & Materials/LiberationSans SDF - Outline.mat
  artifactKey: Guid(79459efec17a4d00a321bdcc27bbc385) Importer(815301076,1909f56bfc062723c751e8b465ee728b)
Start importing Assets/TextMesh Pro/Resources/Fonts & Materials/LiberationSans SDF - Outline.mat using Guid(79459efec17a4d00a321bdcc27bbc385) Importer(815301076,1909f56bfc062723c751e8b465ee728b)  -> (artifact id: 'a9effe56a08cd2156f7af31e426d9ac1') in 0.040758 seconds
  Import took 0.044120 seconds .

========================================================================
Received Import Request.
  Time since last request: 0.000286 seconds.
  path: Assets/TextMesh Pro/Resources/Fonts & Materials/LiberationSans SDF - Fallback.asset
  artifactKey: Guid(2e498d1c8094910479dc3e1b768306a4) Importer(815301076,1909f56bfc062723c751e8b465ee728b)
Start importing Assets/TextMesh Pro/Resources/Fonts & Materials/LiberationSans SDF - Fallback.asset using Guid(2e498d1c8094910479dc3e1b768306a4) Importer(815301076,1909f56bfc062723c751e8b465ee728b)  -> (artifact id: 'ce7b026d7eb27ba79ec0f96f4fe45e1f') in 0.012224 seconds
  Import took 0.015504 seconds .

========================================================================
Received Import Request.
  Time since last request: 0.000310 seconds.
  path: Assets/TextMesh Pro/Resources/Fonts & Materials/LiberationSans SDF - Drop Shadow.mat
  artifactKey: Guid(e73a58f6e2794ae7b1b7e50b7fb811b0) Importer(815301076,1909f56bfc062723c751e8b465ee728b)
Start importing Assets/TextMesh Pro/Resources/Fonts & Materials/LiberationSans SDF - Drop Shadow.mat using Guid(e73a58f6e2794ae7b1b7e50b7fb811b0) Importer(815301076,1909f56bfc062723c751e8b465ee728b)  -> (artifact id: 'c194066b5ddf713208b3818b9611a53a') in 0.032521 seconds
  Import took 0.035870 seconds .

========================================================================
Received Import Request.
  Time since last request: 0.000386 seconds.
  path: Assets/TextMesh Pro/Resources/Fonts & Materials/LiberationSans SDF.asset
  artifactKey: Guid(8f586378b4e144a9851e7b34d9b748ee) Importer(815301076,1909f56bfc062723c751e8b465ee728b)
Start importing Assets/TextMesh Pro/Resources/Fonts & Materials/LiberationSans SDF.asset using Guid(8f586378b4e144a9851e7b34d9b748ee) Importer(815301076,1909f56bfc062723c751e8b465ee728b)  -> (artifact id: '012442951c2af51cf6d0c4f6d14be546') in 0.048641 seconds
  Import took 0.116689 seconds .

========================================================================
Received Import Request.
  Time since last request: 0.001740 seconds.
  path: Assets/TextMesh Pro/Resources/Fonts & Materials/LiberationSans SDF.asset
  artifactKey: Guid(8f586378b4e144a9851e7b34d9b748ee) Importer(815301076,1909f56bfc062723c751e8b465ee728b)
Start importing Assets/TextMesh Pro/Resources/Fonts & Materials/LiberationSans SDF.asset using Guid(8f586378b4e144a9851e7b34d9b748ee) Importer(815301076,1909f56bfc062723c751e8b465ee728b)  -> (artifact id: '012442951c2af51cf6d0c4f6d14be546') in 0.042277 seconds
  Import took 0.045950 seconds .

========================================================================
Received Import Request.
  Time since last request: 48.556430 seconds.
  path: Assets/TextMesh Pro/Fonts/LiberationSans.ttf
  artifactKey: Guid(e3265ab4bf004d28a9537516768c1c75) Importer(815301076,1909f56bfc062723c751e8b465ee728b)
Start importing Assets/TextMesh Pro/Fonts/LiberationSans.ttf using Guid(e3265ab4bf004d28a9537516768c1c75) Importer(815301076,1909f56bfc062723c751e8b465ee728b)  -> (artifact id: '9c7ec6a2a790a7598f2701074f94f584') in 0.018176 seconds
  Import took 0.070456 seconds .

========================================================================
Received Import Request.
  Time since last request: 0.001974 seconds.
  path: Assets/TextMesh Pro/Fonts/LiberationSans.ttf
  artifactKey: Guid(e3265ab4bf004d28a9537516768c1c75) Importer(815301076,1909f56bfc062723c751e8b465ee728b)
Start importing Assets/TextMesh Pro/Fonts/LiberationSans.ttf using Guid(e3265ab4bf004d28a9537516768c1c75) Importer(815301076,1909f56bfc062723c751e8b465ee728b)  -> (artifact id: '9c7ec6a2a790a7598f2701074f94f584') in 0.011399 seconds
  Import took 0.015257 seconds .

========================================================================
Received Prepare
Registering precompiled user dll's ...
Registered in 0.024549 seconds.
Begin MonoManager ReloadAssembly
Native extension for WindowsStandalone target not found
Native extension for WebGL target not found
Refreshing native plugins compatible for Editor in 0.53 ms, found 1 plugins.
Preloading 0 native plugins for Editor in 0.00 ms.
Invoked RoslynAnalysisRunner static constructor.
RoslynAnalysisRunner will not be running.
RoslynAnalysisRunner has terminated.
Mono: successfully reloaded assembly
- Completed reload, in  0.933 seconds
Platform modules already initialized, skipping
Refreshing native plugins compatible for Editor in 0.37 ms, found 1 plugins.
Preloading 0 native plugins for Editor in 0.00 ms.
Unloading 1810 Unused Serialized files (Serialized files now loaded: 0)
System memory in use before: 89.2 MB.
System memory in use after: 89.2 MB.

Unloading 12 unused Assets to reduce memory usage. Loaded Objects now: 2325.
Total: 2.788400 ms (FindLiveObjects: 0.256700 ms CreateObjectMapping: 0.093600 ms MarkObjects: 2.286900 ms  DeleteObjects: 0.149700 ms)

========================================================================
Received Prepare
Registering precompiled user dll's ...
Registered in 0.001348 seconds.
Begin MonoManager ReloadAssembly
Native extension for WindowsStandalone target not found
Native extension for WebGL target not found
Refreshing native plugins compatible for Editor in 0.35 ms, found 1 plugins.
Preloading 0 native plugins for Editor in 0.00 ms.
Invoked RoslynAnalysisRunner static constructor.
RoslynAnalysisRunner will not be running.
RoslynAnalysisRunner has terminated.
Mono: successfully reloaded assembly
- Completed reload, in  0.984 seconds
Platform modules already initialized, skipping
Refreshing native plugins compatible for Editor in 0.38 ms, found 1 plugins.
Preloading 0 native plugins for Editor in 0.00 ms.
Unloading 1810 Unused Serialized files (Serialized files now loaded: 0)
System memory in use before: 89.2 MB.
System memory in use after: 89.2 MB.

Unloading 12 unused Assets to reduce memory usage. Loaded Objects now: 2329.
Total: 3.514900 ms (FindLiveObjects: 0.578600 ms CreateObjectMapping: 0.266200 ms MarkObjects: 2.546400 ms  DeleteObjects: 0.121200 ms)

========================================================================
Received Import Request.
  Time since last request: 526.044015 seconds.
  path: Assets/scripts/MainMenu.cs
  artifactKey: Guid(78de71145ee94364a8b2df3ba7cf1577) Importer(815301076,1909f56bfc062723c751e8b465ee728b)
Start importing Assets/scripts/MainMenu.cs using Guid(78de71145ee94364a8b2df3ba7cf1577) Importer(815301076,1909f56bfc062723c751e8b465ee728b)  -> (artifact id: '2bc3cc7b6fc24bd9ee8226a199766e01') in 0.005666 seconds
  Import took 0.028245 seconds .

========================================================================
Received Prepare
Registering precompiled user dll's ...
Registered in 0.001740 seconds.
Begin MonoManager ReloadAssembly
Native extension for WindowsStandalone target not found
Native extension for WebGL target not found
Refreshing native plugins compatible for Editor in 0.67 ms, found 1 plugins.
Preloading 0 native plugins for Editor in 0.00 ms.
Invoked RoslynAnalysisRunner static constructor.
RoslynAnalysisRunner will not be running.
RoslynAnalysisRunner has terminated.
Mono: successfully reloaded assembly
- Completed reload, in  1.001 seconds
Platform modules already initialized, skipping
Refreshing native plugins compatible for Editor in 0.39 ms, found 1 plugins.
Preloading 0 native plugins for Editor in 0.00 ms.
Unloading 1809 Unused Serialized files (Serialized files now loaded: 0)
System memory in use before: 89.2 MB.
System memory in use after: 89.2 MB.

Unloading 13 unused Assets to reduce memory usage. Loaded Objects now: 2332.
Total: 2.397000 ms (FindLiveObjects: 0.354800 ms CreateObjectMapping: 0.070500 ms MarkObjects: 1.804300 ms  DeleteObjects: 0.166300 ms)

========================================================================
Received Prepare
Registering precompiled user dll's ...
Registered in 0.001150 seconds.
Begin MonoManager ReloadAssembly
Native extension for WindowsStandalone target not found
Native extension for WebGL target not found
Refreshing native plugins compatible for Editor in 0.35 ms, found 1 plugins.
Preloading 0 native plugins for Editor in 0.00 ms.
Invoked RoslynAnalysisRunner static constructor.
RoslynAnalysisRunner will not be running.
RoslynAnalysisRunner has terminated.
Mono: successfully reloaded assembly
- Completed reload, in  0.967 seconds
Platform modules already initialized, skipping
Refreshing native plugins compatible for Editor in 0.36 ms, found 1 plugins.
Preloading 0 native plugins for Editor in 0.00 ms.
Unloading 1810 Unused Serialized files (Serialized files now loaded: 0)
System memory in use before: 89.3 MB.
System memory in use after: 89.3 MB.

Unloading 12 unused Assets to reduce memory usage. Loaded Objects now: 2337.
Total: 2.814100 ms (FindLiveObjects: 0.281300 ms CreateObjectMapping: 0.078200 ms MarkObjects: 2.197300 ms  DeleteObjects: 0.256100 ms)

========================================================================
Received Prepare
Registering precompiled user dll's ...
Registered in 0.001013 seconds.
Begin MonoManager ReloadAssembly
Native extension for WindowsStandalone target not found
Native extension for WebGL target not found
Refreshing native plugins compatible for Editor in 0.38 ms, found 1 plugins.
Preloading 0 native plugins for Editor in 0.00 ms.
Invoked RoslynAnalysisRunner static constructor.
RoslynAnalysisRunner will not be running.
RoslynAnalysisRunner has terminated.
Mono: successfully reloaded assembly
- Completed reload, in  0.942 seconds
Platform modules already initialized, skipping
Refreshing native plugins compatible for Editor in 0.37 ms, found 1 plugins.
Preloading 0 native plugins for Editor in 0.00 ms.
Unloading 1810 Unused Serialized files (Serialized files now loaded: 0)
System memory in use before: 89.3 MB.
System memory in use after: 89.3 MB.

Unloading 12 unused Assets to reduce memory usage. Loaded Objects now: 2341.
Total: 3.272700 ms (FindLiveObjects: 0.425600 ms CreateObjectMapping: 0.083400 ms MarkObjects: 2.545600 ms  DeleteObjects: 0.216500 ms)

========================================================================
Received Prepare
Registering precompiled user dll's ...
Registered in 0.001061 seconds.
Begin MonoManager ReloadAssembly
Native extension for WindowsStandalone target not found
Native extension for WebGL target not found
Refreshing native plugins compatible for Editor in 0.61 ms, found 1 plugins.
Preloading 0 native plugins for Editor in 0.00 ms.
Invoked RoslynAnalysisRunner static constructor.
RoslynAnalysisRunner will not be running.
RoslynAnalysisRunner has terminated.
Mono: successfully reloaded assembly
- Completed reload, in  1.102 seconds
Platform modules already initialized, skipping
Refreshing native plugins compatible for Editor in 0.73 ms, found 1 plugins.
Preloading 0 native plugins for Editor in 0.00 ms.
Unloading 1810 Unused Serialized files (Serialized files now loaded: 0)
System memory in use before: 89.3 MB.
System memory in use after: 89.3 MB.

Unloading 12 unused Assets to reduce memory usage. Loaded Objects now: 2345.
Total: 4.640100 ms (FindLiveObjects: 0.365800 ms CreateObjectMapping: 0.083400 ms MarkObjects: 3.981700 ms  DeleteObjects: 0.205600 ms)

========================================================================
Received Prepare
Registering precompiled user dll's ...
Registered in 0.001091 seconds.
Begin MonoManager ReloadAssembly
Native extension for WindowsStandalone target not found
Native extension for WebGL target not found
Refreshing native plugins compatible for Editor in 0.39 ms, found 1 plugins.
Preloading 0 native plugins for Editor in 0.00 ms.
Invoked RoslynAnalysisRunner static constructor.
RoslynAnalysisRunner will not be running.
RoslynAnalysisRunner has terminated.
Mono: successfully reloaded assembly
- Completed reload, in  0.972 seconds
Platform modules already initialized, skipping
Refreshing native plugins compatible for Editor in 0.37 ms, found 1 plugins.
Preloading 0 native plugins for Editor in 0.00 ms.
Unloading 1810 Unused Serialized files (Serialized files now loaded: 0)
System memory in use before: 89.3 MB.
System memory in use after: 89.3 MB.

Unloading 12 unused Assets to reduce memory usage. Loaded Objects now: 2349.
Total: 3.817900 ms (FindLiveObjects: 0.443000 ms CreateObjectMapping: 0.181000 ms MarkObjects: 2.945300 ms  DeleteObjects: 0.247500 ms)

========================================================================
Received Prepare
Registering precompiled user dll's ...
Registered in 0.001039 seconds.
Begin MonoManager ReloadAssembly
Native extension for WindowsStandalone target not found
Native extension for WebGL target not found
Refreshing native plugins compatible for Editor in 0.34 ms, found 1 plugins.
Preloading 0 native plugins for Editor in 0.00 ms.
Invoked RoslynAnalysisRunner static constructor.
RoslynAnalysisRunner will not be running.
RoslynAnalysisRunner has terminated.
Mono: successfully reloaded assembly
- Completed reload, in  0.967 seconds
Platform modules already initialized, skipping
Refreshing native plugins compatible for Editor in 0.36 ms, found 1 plugins.
Preloading 0 native plugins for Editor in 0.00 ms.
Unloading 1810 Unused Serialized files (Serialized files now loaded: 0)
System memory in use before: 89.3 MB.
System memory in use after: 89.3 MB.

Unloading 12 unused Assets to reduce memory usage. Loaded Objects now: 2353.
Total: 3.004900 ms (FindLiveObjects: 0.326900 ms CreateObjectMapping: 0.104200 ms MarkObjects: 2.421900 ms  DeleteObjects: 0.150500 ms)

========================================================================
Received Prepare
Registering precompiled user dll's ...
Registered in 0.016067 seconds.
Begin MonoManager ReloadAssembly
Native extension for WindowsStandalone target not found
Native extension for WebGL target not found
Refreshing native plugins compatible for Editor in 0.51 ms, found 1 plugins.
Preloading 0 native plugins for Editor in 0.00 ms.
Invoked RoslynAnalysisRunner static constructor.
RoslynAnalysisRunner will not be running.
RoslynAnalysisRunner has terminated.
Mono: successfully reloaded assembly
- Completed reload, in  1.029 seconds
Platform modules already initialized, skipping
Refreshing native plugins compatible for Editor in 0.38 ms, found 1 plugins.
Preloading 0 native plugins for Editor in 0.00 ms.
Unloading 1810 Unused Serialized files (Serialized files now loaded: 0)
System memory in use before: 89.3 MB.
System memory in use after: 89.3 MB.

Unloading 12 unused Assets to reduce memory usage. Loaded Objects now: 2357.
Total: 2.687700 ms (FindLiveObjects: 0.312000 ms CreateObjectMapping: 0.076800 ms MarkObjects: 2.122000 ms  DeleteObjects: 0.176100 ms)

========================================================================
Received Import Request.
  Time since last request: 1206.053901 seconds.
  path: Assets/Scenes/Menu.unity
  artifactKey: Guid(2048ba198ff864f488f03275fc7279d5) Importer(815301076,1909f56bfc062723c751e8b465ee728b)
Start importing Assets/Scenes/Menu.unity using Guid(2048ba198ff864f488f03275fc7279d5) Importer(815301076,1909f56bfc062723c751e8b465ee728b)  -> (artifact id: '4b1bcabf00ec6433e67f89143ea29251') in 0.019502 seconds
  Import took 0.023909 seconds .

========================================================================
Received Import Request.
  Time since last request: 1.378935 seconds.
  path: Assets/Scenes/SampleScene.unity
  artifactKey: Guid(2cda990e2423bbf4892e6590ba056729) Importer(815301076,1909f56bfc062723c751e8b465ee728b)
Start importing Assets/Scenes/SampleScene.unity using Guid(2cda990e2423bbf4892e6590ba056729) Importer(815301076,1909f56bfc062723c751e8b465ee728b)  -> (artifact id: '1f774aa61829711a13d4f4d71a33da19') in 0.004919 seconds
  Import took 0.008522 seconds .

========================================================================
Received Import Request.
  Time since last request: 84.969908 seconds.
  path: ProjectSettings/TagManager.asset
  artifactKey: Guid(00000000000000003000000000000000) Importer(815301076,1909f56bfc062723c751e8b465ee728b)
Start importing ProjectSettings/TagManager.asset using Guid(00000000000000003000000000000000) Importer(815301076,1909f56bfc062723c751e8b465ee728b)  -> (artifact id: '0190ef1e2c8773c764cc1354e14256b3') in 0.004235 seconds
  Import took 0.006979 seconds .

========================================================================
Received Import Request.
  Time since last request: 0.011555 seconds.
  path: ProjectSettings/TagManager.asset
  artifactKey: Guid(00000000000000003000000000000000) Importer(815301076,1909f56bfc062723c751e8b465ee728b)
Start importing ProjectSettings/TagManager.asset using Guid(00000000000000003000000000000000) Importer(815301076,1909f56bfc062723c751e8b465ee728b)  -> (artifact id: '0190ef1e2c8773c764cc1354e14256b3') in 0.004076 seconds
  Import took 0.008449 seconds .

========================================================================
Received Import Request.
  Time since last request: 909.956688 seconds.
  path: Assets/Scenes/Points Table.unity
  artifactKey: Guid(0c487756c2e5d394fa8240c2079474cc) Importer(815301076,1909f56bfc062723c751e8b465ee728b)
Start importing Assets/Scenes/Points Table.unity using Guid(0c487756c2e5d394fa8240c2079474cc) Importer(815301076,1909f56bfc062723c751e8b465ee728b)  -> (artifact id: '363c3841416be1cb5f2222f03d016a5a') in 0.004868 seconds
  Import took 0.028460 seconds .

========================================================================
Received Import Request.
  Time since last request: 254.614859 seconds.
  path: Assets/Scenes/SampleScene.unity
  artifactKey: Guid(2cda990e2423bbf4892e6590ba056729) Importer(815301076,1909f56bfc062723c751e8b465ee728b)
Start importing Assets/Scenes/SampleScene.unity using Guid(2cda990e2423bbf4892e6590ba056729) Importer(815301076,1909f56bfc062723c751e8b465ee728b)  -> (artifact id: '8ac87ab2f2839a62a3909059d586d609') in 0.003524 seconds
  Import took 0.130944 seconds .

========================================================================
Received Import Request.
  Time since last request: 102.824342 seconds.
  path: Assets/Scenes/Points Table.unity
  artifactKey: Guid(0c487756c2e5d394fa8240c2079474cc) Importer(815301076,1909f56bfc062723c751e8b465ee728b)
Start importing Assets/Scenes/Points Table.unity using Guid(0c487756c2e5d394fa8240c2079474cc) Importer(815301076,1909f56bfc062723c751e8b465ee728b)  -> (artifact id: '37838231cc0b0270980a2a13e999fbdd') in 0.003944 seconds
  Import took 0.008625 seconds .

========================================================================
Received Prepare
Registering precompiled user dll's ...
Registered in 0.001824 seconds.
Begin MonoManager ReloadAssembly
Native extension for WindowsStandalone target not found
Native extension for WebGL target not found
Refreshing native plugins compatible for Editor in 0.33 ms, found 1 plugins.
Preloading 0 native plugins for Editor in 0.00 ms.
Invoked RoslynAnalysisRunner static constructor.
RoslynAnalysisRunner will not be running.
RoslynAnalysisRunner has terminated.
Mono: successfully reloaded assembly
- Completed reload, in  0.935 seconds
Platform modules already initialized, skipping
Refreshing native plugins compatible for Editor in 0.40 ms, found 1 plugins.
Preloading 0 native plugins for Editor in 0.00 ms.
Unloading 1810 Unused Serialized files (Serialized files now loaded: 0)
System memory in use before: 89.4 MB.
System memory in use after: 89.4 MB.

Unloading 14 unused Assets to reduce memory usage. Loaded Objects now: 2361.
Total: 2.854700 ms (FindLiveObjects: 0.448900 ms CreateObjectMapping: 0.123300 ms MarkObjects: 2.144700 ms  DeleteObjects: 0.136100 ms)

AssetImportWorkerClient::OnTransportError - code=2 error=End of file
